[03022023 01:24:46] dionaea /root/dionaea/src/dionaea.c:756-warning: Setgroups dropping groups failed
[03022023 01:24:46] services /opt/dionaea/lib/dionaea/python/dionaea/services.py:46-warning: Unable to start service
Traceback (most recent call last):
  File "/opt/dionaea/lib/dionaea/python/dionaea/services.py", line 44, in start
    daemons = service.start(addr, iface=iface, config=srv.get("config", {}))
  File "/opt/dionaea/lib/dionaea/python/dionaea/sip/__init__.py", line 70, in start
    daemon = SipSession(proto=proto, config=config)
  File "/opt/dionaea/lib/dionaea/python/dionaea/sip/__init__.py", line 571, in __init__
    self.config = SipConfig(config=config)
  File "/opt/dionaea/lib/dionaea/python/dionaea/sip/extras.py", line 99, in __init__
    self._cur.execute("CREATE TABLE IF NOT EXISTS sdp (name STRING, sdp STRING)")
sqlite3.OperationalError: database is locked
[03022023 01:24:46] services /opt/dionaea/lib/dionaea/python/dionaea/services.py:46-warning: Unable to start service
Traceback (most recent call last):
  File "/opt/dionaea/lib/dionaea/python/dionaea/services.py", line 44, in start
    daemons = service.start(addr, iface=iface, config=srv.get("config", {}))
  File "/opt/dionaea/lib/dionaea/python/dionaea/sip/__init__.py", line 70, in start
    daemon = SipSession(proto=proto, config=config)
  File "/opt/dionaea/lib/dionaea/python/dionaea/sip/__init__.py", line 571, in __init__
    self.config = SipConfig(config=config)
  File "/opt/dionaea/lib/dionaea/python/dionaea/sip/extras.py", line 99, in __init__
    self._cur.execute("CREATE TABLE IF NOT EXISTS sdp (name STRING, sdp STRING)")
sqlite3.OperationalError: database is locked
[03022023 01:26:23] log /root/dionaea/src/signals.c:30-warning: sigint_cb loop 0xffff826ee6a8 w 0xaaab19f628b0 revents 1024
[03022023 03:13:08] sip /opt/dionaea/lib/dionaea/python/dionaea/sip/__init__.py:78-warning: Starting cleanup loop
[03022023 03:13:33] log /root/dionaea/src/signals.c:30-warning: sigint_cb loop 0xffff824de6a8 w 0xaaaaf8a4a950 revents 1024
[03022023 03:14:09] sip /opt/dionaea/lib/dionaea/python/dionaea/sip/__init__.py:78-warning: Starting cleanup loop
[03022023 03:15:05] sip /opt/dionaea/lib/dionaea/python/dionaea/sip/__init__.py:45-warning: Cleanup
[03022023 03:16:05] sip /opt/dionaea/lib/dionaea/python/dionaea/sip/__init__.py:45-warning: Cleanup
[03022023 03:17:05] sip /opt/dionaea/lib/dionaea/python/dionaea/sip/__init__.py:45-warning: Cleanup
[03022023 03:18:05] sip /opt/dionaea/lib/dionaea/python/dionaea/sip/__init__.py:45-warning: Cleanup
[03022023 03:19:05] sip /opt/dionaea/lib/dionaea/python/dionaea/sip/__init__.py:45-warning: Cleanup
[03022023 03:20:05] sip /opt/dionaea/lib/dionaea/python/dionaea/sip/__init__.py:45-warning: Cleanup
[03022023 03:21:05] sip /opt/dionaea/lib/dionaea/python/dionaea/sip/__init__.py:45-warning: Cleanup
[03022023 03:22:05] sip /opt/dionaea/lib/dionaea/python/dionaea/sip/__init__.py:45-warning: Cleanup
[03022023 03:23:05] sip /opt/dionaea/lib/dionaea/python/dionaea/sip/__init__.py:45-warning: Cleanup
[03022023 03:24:05] sip /opt/dionaea/lib/dionaea/python/dionaea/sip/__init__.py:45-warning: Cleanup
[03022023 03:25:05] sip /opt/dionaea/lib/dionaea/python/dionaea/sip/__init__.py:45-warning: Cleanup
[03022023 03:26:10] sip /opt/dionaea/lib/dionaea/python/dionaea/sip/__init__.py:45-warning: Cleanup
[03022023 03:27:10] sip /opt/dionaea/lib/dionaea/python/dionaea/sip/__init__.py:45-warning: Cleanup
[03022023 03:28:10] sip /opt/dionaea/lib/dionaea/python/dionaea/sip/__init__.py:45-warning: Cleanup
[03022023 03:29:10] sip /opt/dionaea/lib/dionaea/python/dionaea/sip/__init__.py:45-warning: Cleanup
[03022023 03:30:10] sip /opt/dionaea/lib/dionaea/python/dionaea/sip/__init__.py:45-warning: Cleanup
[03022023 03:31:10] sip /opt/dionaea/lib/dionaea/python/dionaea/sip/__init__.py:45-warning: Cleanup
[03022023 03:32:10] sip /opt/dionaea/lib/dionaea/python/dionaea/sip/__init__.py:45-warning: Cleanup
[03022023 03:33:10] sip /opt/dionaea/lib/dionaea/python/dionaea/sip/__init__.py:45-warning: Cleanup
[03022023 03:34:10] sip /opt/dionaea/lib/dionaea/python/dionaea/sip/__init__.py:45-warning: Cleanup
[03022023 03:35:10] sip /opt/dionaea/lib/dionaea/python/dionaea/sip/__init__.py:45-warning: Cleanup
[03022023 03:36:10] sip /opt/dionaea/lib/dionaea/python/dionaea/sip/__init__.py:45-warning: Cleanup
[03022023 03:37:10] sip /opt/dionaea/lib/dionaea/python/dionaea/sip/__init__.py:45-warning: Cleanup
[03022023 03:38:10] sip /opt/dionaea/lib/dionaea/python/dionaea/sip/__init__.py:45-warning: Cleanup
[03022023 03:39:10] sip /opt/dionaea/lib/dionaea/python/dionaea/sip/__init__.py:45-warning: Cleanup
[03022023 03:40:10] sip /opt/dionaea/lib/dionaea/python/dionaea/sip/__init__.py:45-warning: Cleanup
[03022023 03:41:10] sip /opt/dionaea/lib/dionaea/python/dionaea/sip/__init__.py:45-warning: Cleanup
[03022023 03:42:10] sip /opt/dionaea/lib/dionaea/python/dionaea/sip/__init__.py:45-warning: Cleanup
[03022023 03:43:10] sip /opt/dionaea/lib/dionaea/python/dionaea/sip/__init__.py:45-warning: Cleanup
[03022023 03:44:10] sip /opt/dionaea/lib/dionaea/python/dionaea/sip/__init__.py:45-warning: Cleanup
[03022023 03:45:10] sip /opt/dionaea/lib/dionaea/python/dionaea/sip/__init__.py:45-warning: Cleanup
[03022023 03:46:10] sip /opt/dionaea/lib/dionaea/python/dionaea/sip/__init__.py:45-warning: Cleanup
[03022023 03:47:10] sip /opt/dionaea/lib/dionaea/python/dionaea/sip/__init__.py:45-warning: Cleanup
[03022023 03:48:10] sip /opt/dionaea/lib/dionaea/python/dionaea/sip/__init__.py:45-warning: Cleanup
[03022023 03:49:10] sip /opt/dionaea/lib/dionaea/python/dionaea/sip/__init__.py:45-warning: Cleanup
[03022023 03:50:10] sip /opt/dionaea/lib/dionaea/python/dionaea/sip/__init__.py:45-warning: Cleanup
[03022023 03:51:10] sip /opt/dionaea/lib/dionaea/python/dionaea/sip/__init__.py:45-warning: Cleanup
[03022023 03:52:10] sip /opt/dionaea/lib/dionaea/python/dionaea/sip/__init__.py:45-warning: Cleanup
[03022023 03:53:10] sip /opt/dionaea/lib/dionaea/python/dionaea/sip/__init__.py:45-warning: Cleanup
[03022023 03:54:10] sip /opt/dionaea/lib/dionaea/python/dionaea/sip/__init__.py:45-warning: Cleanup
[03022023 03:55:10] sip /opt/dionaea/lib/dionaea/python/dionaea/sip/__init__.py:45-warning: Cleanup
[03022023 03:56:10] sip /opt/dionaea/lib/dionaea/python/dionaea/sip/__init__.py:45-warning: Cleanup
[03022023 03:57:10] sip /opt/dionaea/lib/dionaea/python/dionaea/sip/__init__.py:45-warning: Cleanup
[03022023 03:58:10] sip /opt/dionaea/lib/dionaea/python/dionaea/sip/__init__.py:45-warning: Cleanup
[03022023 03:59:10] sip /opt/dionaea/lib/dionaea/python/dionaea/sip/__init__.py:45-warning: Cleanup
[03022023 04:00:10] sip /opt/dionaea/lib/dionaea/python/dionaea/sip/__init__.py:45-warning: Cleanup
[03022023 04:01:10] sip /opt/dionaea/lib/dionaea/python/dionaea/sip/__init__.py:45-warning: Cleanup
[03022023 04:02:10] sip /opt/dionaea/lib/dionaea/python/dionaea/sip/__init__.py:45-warning: Cleanup
[03022023 04:03:10] sip /opt/dionaea/lib/dionaea/python/dionaea/sip/__init__.py:45-warning: Cleanup
[03022023 04:04:10] sip /opt/dionaea/lib/dionaea/python/dionaea/sip/__init__.py:45-warning: Cleanup
[03022023 04:05:10] sip /opt/dionaea/lib/dionaea/python/dionaea/sip/__init__.py:45-warning: Cleanup
[03022023 04:06:10] sip /opt/dionaea/lib/dionaea/python/dionaea/sip/__init__.py:45-warning: Cleanup
[03022023 04:07:10] sip /opt/dionaea/lib/dionaea/python/dionaea/sip/__init__.py:45-warning: Cleanup
[03022023 04:08:10] sip /opt/dionaea/lib/dionaea/python/dionaea/sip/__init__.py:45-warning: Cleanup
[03022023 04:09:10] sip /opt/dionaea/lib/dionaea/python/dionaea/sip/__init__.py:45-warning: Cleanup
[03022023 04:10:10] sip /opt/dionaea/lib/dionaea/python/dionaea/sip/__init__.py:45-warning: Cleanup
[03022023 04:11:10] sip /opt/dionaea/lib/dionaea/python/dionaea/sip/__init__.py:45-warning: Cleanup
[03022023 04:12:10] sip /opt/dionaea/lib/dionaea/python/dionaea/sip/__init__.py:45-warning: Cleanup
[03022023 04:13:10] sip /opt/dionaea/lib/dionaea/python/dionaea/sip/__init__.py:45-warning: Cleanup
[03022023 04:14:10] sip /opt/dionaea/lib/dionaea/python/dionaea/sip/__init__.py:45-warning: Cleanup
[03022023 04:15:10] sip /opt/dionaea/lib/dionaea/python/dionaea/sip/__init__.py:45-warning: Cleanup
[03022023 04:16:10] sip /opt/dionaea/lib/dionaea/python/dionaea/sip/__init__.py:45-warning: Cleanup
[03022023 04:17:10] sip /opt/dionaea/lib/dionaea/python/dionaea/sip/__init__.py:45-warning: Cleanup
[03022023 04:18:10] sip /opt/dionaea/lib/dionaea/python/dionaea/sip/__init__.py:45-warning: Cleanup
[03022023 04:19:10] sip /opt/dionaea/lib/dionaea/python/dionaea/sip/__init__.py:45-warning: Cleanup
[03022023 04:20:10] sip /opt/dionaea/lib/dionaea/python/dionaea/sip/__init__.py:45-warning: Cleanup
[03022023 04:21:10] sip /opt/dionaea/lib/dionaea/python/dionaea/sip/__init__.py:45-warning: Cleanup
[03022023 04:22:10] sip /opt/dionaea/lib/dionaea/python/dionaea/sip/__init__.py:45-warning: Cleanup
[03022023 04:23:10] sip /opt/dionaea/lib/dionaea/python/dionaea/sip/__init__.py:45-warning: Cleanup
[03022023 04:24:10] sip /opt/dionaea/lib/dionaea/python/dionaea/sip/__init__.py:45-warning: Cleanup
[03022023 04:25:10] sip /opt/dionaea/lib/dionaea/python/dionaea/sip/__init__.py:45-warning: Cleanup
[03022023 04:26:10] sip /opt/dionaea/lib/dionaea/python/dionaea/sip/__init__.py:45-warning: Cleanup
[03022023 04:27:10] sip /opt/dionaea/lib/dionaea/python/dionaea/sip/__init__.py:45-warning: Cleanup
[03022023 04:28:10] sip /opt/dionaea/lib/dionaea/python/dionaea/sip/__init__.py:45-warning: Cleanup
[03022023 04:29:10] sip /opt/dionaea/lib/dionaea/python/dionaea/sip/__init__.py:45-warning: Cleanup
[03022023 04:30:10] sip /opt/dionaea/lib/dionaea/python/dionaea/sip/__init__.py:45-warning: Cleanup
[03022023 04:31:10] sip /opt/dionaea/lib/dionaea/python/dionaea/sip/__init__.py:45-warning: Cleanup
[03022023 04:32:10] sip /opt/dionaea/lib/dionaea/python/dionaea/sip/__init__.py:45-warning: Cleanup
[03022023 04:33:10] sip /opt/dionaea/lib/dionaea/python/dionaea/sip/__init__.py:45-warning: Cleanup
[03022023 04:34:10] sip /opt/dionaea/lib/dionaea/python/dionaea/sip/__init__.py:45-warning: Cleanup
[03022023 04:35:10] sip /opt/dionaea/lib/dionaea/python/dionaea/sip/__init__.py:45-warning: Cleanup
[03022023 04:36:10] sip /opt/dionaea/lib/dionaea/python/dionaea/sip/__init__.py:45-warning: Cleanup
[03022023 04:37:10] sip /opt/dionaea/lib/dionaea/python/dionaea/sip/__init__.py:45-warning: Cleanup
[03022023 04:38:10] sip /opt/dionaea/lib/dionaea/python/dionaea/sip/__init__.py:45-warning: Cleanup
[03022023 04:39:10] sip /opt/dionaea/lib/dionaea/python/dionaea/sip/__init__.py:45-warning: Cleanup
[03022023 04:40:10] sip /opt/dionaea/lib/dionaea/python/dionaea/sip/__init__.py:45-warning: Cleanup
[03022023 04:41:10] sip /opt/dionaea/lib/dionaea/python/dionaea/sip/__init__.py:45-warning: Cleanup
[03022023 04:42:10] sip /opt/dionaea/lib/dionaea/python/dionaea/sip/__init__.py:45-warning: Cleanup
[03022023 04:43:10] sip /opt/dionaea/lib/dionaea/python/dionaea/sip/__init__.py:45-warning: Cleanup
[03022023 04:44:10] sip /opt/dionaea/lib/dionaea/python/dionaea/sip/__init__.py:45-warning: Cleanup
[03022023 04:45:10] sip /opt/dionaea/lib/dionaea/python/dionaea/sip/__init__.py:45-warning: Cleanup
[03022023 04:46:10] sip /opt/dionaea/lib/dionaea/python/dionaea/sip/__init__.py:45-warning: Cleanup
[03022023 04:47:10] sip /opt/dionaea/lib/dionaea/python/dionaea/sip/__init__.py:45-warning: Cleanup
[03022023 04:48:10] sip /opt/dionaea/lib/dionaea/python/dionaea/sip/__init__.py:45-warning: Cleanup
[03022023 04:49:10] sip /opt/dionaea/lib/dionaea/python/dionaea/sip/__init__.py:45-warning: Cleanup
[03022023 04:50:10] sip /opt/dionaea/lib/dionaea/python/dionaea/sip/__init__.py:45-warning: Cleanup
[03022023 04:51:10] sip /opt/dionaea/lib/dionaea/python/dionaea/sip/__init__.py:45-warning: Cleanup
[03022023 04:52:10] sip /opt/dionaea/lib/dionaea/python/dionaea/sip/__init__.py:45-warning: Cleanup
[03022023 04:53:10] sip /opt/dionaea/lib/dionaea/python/dionaea/sip/__init__.py:45-warning: Cleanup
[03022023 04:54:10] sip /opt/dionaea/lib/dionaea/python/dionaea/sip/__init__.py:45-warning: Cleanup
[03022023 04:55:10] sip /opt/dionaea/lib/dionaea/python/dionaea/sip/__init__.py:45-warning: Cleanup
[03022023 04:56:10] sip /opt/dionaea/lib/dionaea/python/dionaea/sip/__init__.py:45-warning: Cleanup
[03022023 04:57:10] sip /opt/dionaea/lib/dionaea/python/dionaea/sip/__init__.py:45-warning: Cleanup
[03022023 04:58:10] sip /opt/dionaea/lib/dionaea/python/dionaea/sip/__init__.py:45-warning: Cleanup
[03022023 04:59:10] sip /opt/dionaea/lib/dionaea/python/dionaea/sip/__init__.py:45-warning: Cleanup
[03022023 05:00:10] sip /opt/dionaea/lib/dionaea/python/dionaea/sip/__init__.py:45-warning: Cleanup
[03022023 05:01:10] sip /opt/dionaea/lib/dionaea/python/dionaea/sip/__init__.py:45-warning: Cleanup
[03022023 05:02:10] sip /opt/dionaea/lib/dionaea/python/dionaea/sip/__init__.py:45-warning: Cleanup
[03022023 05:03:10] sip /opt/dionaea/lib/dionaea/python/dionaea/sip/__init__.py:45-warning: Cleanup
[03022023 05:04:10] sip /opt/dionaea/lib/dionaea/python/dionaea/sip/__init__.py:45-warning: Cleanup
[03022023 05:05:10] sip /opt/dionaea/lib/dionaea/python/dionaea/sip/__init__.py:45-warning: Cleanup
[03022023 05:06:10] sip /opt/dionaea/lib/dionaea/python/dionaea/sip/__init__.py:45-warning: Cleanup
[03022023 05:07:10] sip /opt/dionaea/lib/dionaea/python/dionaea/sip/__init__.py:45-warning: Cleanup
[03022023 05:08:10] sip /opt/dionaea/lib/dionaea/python/dionaea/sip/__init__.py:45-warning: Cleanup
[03022023 05:09:10] sip /opt/dionaea/lib/dionaea/python/dionaea/sip/__init__.py:45-warning: Cleanup
[03022023 05:10:10] sip /opt/dionaea/lib/dionaea/python/dionaea/sip/__init__.py:45-warning: Cleanup
[03022023 05:11:10] sip /opt/dionaea/lib/dionaea/python/dionaea/sip/__init__.py:45-warning: Cleanup
[03022023 05:12:10] sip /opt/dionaea/lib/dionaea/python/dionaea/sip/__init__.py:45-warning: Cleanup
[03022023 05:13:10] sip /opt/dionaea/lib/dionaea/python/dionaea/sip/__init__.py:45-warning: Cleanup
[03022023 05:14:10] sip /opt/dionaea/lib/dionaea/python/dionaea/sip/__init__.py:45-warning: Cleanup
[03022023 05:15:10] sip /opt/dionaea/lib/dionaea/python/dionaea/sip/__init__.py:45-warning: Cleanup
[03022023 05:16:10] sip /opt/dionaea/lib/dionaea/python/dionaea/sip/__init__.py:45-warning: Cleanup
[03022023 05:17:10] sip /opt/dionaea/lib/dionaea/python/dionaea/sip/__init__.py:45-warning: Cleanup
[03022023 05:18:10] sip /opt/dionaea/lib/dionaea/python/dionaea/sip/__init__.py:45-warning: Cleanup
[03022023 05:19:10] sip /opt/dionaea/lib/dionaea/python/dionaea/sip/__init__.py:45-warning: Cleanup
[03022023 05:20:10] sip /opt/dionaea/lib/dionaea/python/dionaea/sip/__init__.py:45-warning: Cleanup
[03022023 05:21:10] sip /opt/dionaea/lib/dionaea/python/dionaea/sip/__init__.py:45-warning: Cleanup
[03022023 05:22:10] sip /opt/dionaea/lib/dionaea/python/dionaea/sip/__init__.py:45-warning: Cleanup
[03022023 05:23:10] sip /opt/dionaea/lib/dionaea/python/dionaea/sip/__init__.py:45-warning: Cleanup
[03022023 05:24:10] sip /opt/dionaea/lib/dionaea/python/dionaea/sip/__init__.py:45-warning: Cleanup
[03022023 05:25:10] sip /opt/dionaea/lib/dionaea/python/dionaea/sip/__init__.py:45-warning: Cleanup
[03022023 05:26:10] sip /opt/dionaea/lib/dionaea/python/dionaea/sip/__init__.py:45-warning: Cleanup
[03022023 05:27:10] sip /opt/dionaea/lib/dionaea/python/dionaea/sip/__init__.py:45-warning: Cleanup
[03022023 05:28:10] sip /opt/dionaea/lib/dionaea/python/dionaea/sip/__init__.py:45-warning: Cleanup
[03022023 05:29:10] sip /opt/dionaea/lib/dionaea/python/dionaea/sip/__init__.py:45-warning: Cleanup
[03022023 05:30:10] sip /opt/dionaea/lib/dionaea/python/dionaea/sip/__init__.py:45-warning: Cleanup
[03022023 05:31:10] sip /opt/dionaea/lib/dionaea/python/dionaea/sip/__init__.py:45-warning: Cleanup
[03022023 05:32:10] sip /opt/dionaea/lib/dionaea/python/dionaea/sip/__init__.py:45-warning: Cleanup
[03022023 05:33:10] sip /opt/dionaea/lib/dionaea/python/dionaea/sip/__init__.py:45-warning: Cleanup
[03022023 05:34:10] sip /opt/dionaea/lib/dionaea/python/dionaea/sip/__init__.py:45-warning: Cleanup
[03022023 05:35:10] sip /opt/dionaea/lib/dionaea/python/dionaea/sip/__init__.py:45-warning: Cleanup
[03022023 05:36:10] sip /opt/dionaea/lib/dionaea/python/dionaea/sip/__init__.py:45-warning: Cleanup
[03022023 05:37:10] sip /opt/dionaea/lib/dionaea/python/dionaea/sip/__init__.py:45-warning: Cleanup
[03022023 05:38:10] sip /opt/dionaea/lib/dionaea/python/dionaea/sip/__init__.py:45-warning: Cleanup
[03022023 05:39:10] sip /opt/dionaea/lib/dionaea/python/dionaea/sip/__init__.py:45-warning: Cleanup
[03022023 05:40:10] sip /opt/dionaea/lib/dionaea/python/dionaea/sip/__init__.py:45-warning: Cleanup
[03022023 05:41:10] sip /opt/dionaea/lib/dionaea/python/dionaea/sip/__init__.py:45-warning: Cleanup
[03022023 05:42:10] sip /opt/dionaea/lib/dionaea/python/dionaea/sip/__init__.py:45-warning: Cleanup
[03022023 05:43:10] sip /opt/dionaea/lib/dionaea/python/dionaea/sip/__init__.py:45-warning: Cleanup
[03022023 05:44:10] sip /opt/dionaea/lib/dionaea/python/dionaea/sip/__init__.py:45-warning: Cleanup
[03022023 05:45:10] sip /opt/dionaea/lib/dionaea/python/dionaea/sip/__init__.py:45-warning: Cleanup
[03022023 05:46:10] sip /opt/dionaea/lib/dionaea/python/dionaea/sip/__init__.py:45-warning: Cleanup
[03022023 05:47:10] sip /opt/dionaea/lib/dionaea/python/dionaea/sip/__init__.py:45-warning: Cleanup
[03022023 05:48:10] sip /opt/dionaea/lib/dionaea/python/dionaea/sip/__init__.py:45-warning: Cleanup
[03022023 05:49:10] sip /opt/dionaea/lib/dionaea/python/dionaea/sip/__init__.py:45-warning: Cleanup
[03022023 05:50:10] sip /opt/dionaea/lib/dionaea/python/dionaea/sip/__init__.py:45-warning: Cleanup
[03022023 05:51:10] sip /opt/dionaea/lib/dionaea/python/dionaea/sip/__init__.py:45-warning: Cleanup
[03022023 05:52:10] sip /opt/dionaea/lib/dionaea/python/dionaea/sip/__init__.py:45-warning: Cleanup
[03022023 05:53:10] sip /opt/dionaea/lib/dionaea/python/dionaea/sip/__init__.py:45-warning: Cleanup
[03022023 05:54:10] sip /opt/dionaea/lib/dionaea/python/dionaea/sip/__init__.py:45-warning: Cleanup
[03022023 05:55:10] sip /opt/dionaea/lib/dionaea/python/dionaea/sip/__init__.py:45-warning: Cleanup
[03022023 05:56:10] sip /opt/dionaea/lib/dionaea/python/dionaea/sip/__init__.py:45-warning: Cleanup
[03022023 05:57:10] sip /opt/dionaea/lib/dionaea/python/dionaea/sip/__init__.py:45-warning: Cleanup
[03022023 05:58:10] sip /opt/dionaea/lib/dionaea/python/dionaea/sip/__init__.py:45-warning: Cleanup
[03022023 05:59:10] sip /opt/dionaea/lib/dionaea/python/dionaea/sip/__init__.py:45-warning: Cleanup
[03022023 06:00:10] sip /opt/dionaea/lib/dionaea/python/dionaea/sip/__init__.py:45-warning: Cleanup
[03022023 06:01:10] sip /opt/dionaea/lib/dionaea/python/dionaea/sip/__init__.py:45-warning: Cleanup
[03022023 06:02:10] sip /opt/dionaea/lib/dionaea/python/dionaea/sip/__init__.py:45-warning: Cleanup
[03022023 06:03:10] sip /opt/dionaea/lib/dionaea/python/dionaea/sip/__init__.py:45-warning: Cleanup
[03022023 06:04:10] sip /opt/dionaea/lib/dionaea/python/dionaea/sip/__init__.py:45-warning: Cleanup
[03022023 06:05:10] sip /opt/dionaea/lib/dionaea/python/dionaea/sip/__init__.py:45-warning: Cleanup
[03022023 06:06:10] sip /opt/dionaea/lib/dionaea/python/dionaea/sip/__init__.py:45-warning: Cleanup
[03022023 06:07:10] sip /opt/dionaea/lib/dionaea/python/dionaea/sip/__init__.py:45-warning: Cleanup
[03022023 06:08:10] sip /opt/dionaea/lib/dionaea/python/dionaea/sip/__init__.py:45-warning: Cleanup
[03022023 06:09:10] sip /opt/dionaea/lib/dionaea/python/dionaea/sip/__init__.py:45-warning: Cleanup
[03022023 06:10:10] sip /opt/dionaea/lib/dionaea/python/dionaea/sip/__init__.py:45-warning: Cleanup
[03022023 06:11:10] sip /opt/dionaea/lib/dionaea/python/dionaea/sip/__init__.py:45-warning: Cleanup
[03022023 06:12:10] sip /opt/dionaea/lib/dionaea/python/dionaea/sip/__init__.py:45-warning: Cleanup
[03022023 06:13:10] sip /opt/dionaea/lib/dionaea/python/dionaea/sip/__init__.py:45-warning: Cleanup
[03022023 06:14:10] sip /opt/dionaea/lib/dionaea/python/dionaea/sip/__init__.py:45-warning: Cleanup
[03022023 06:15:10] sip /opt/dionaea/lib/dionaea/python/dionaea/sip/__init__.py:45-warning: Cleanup
[03022023 06:16:10] sip /opt/dionaea/lib/dionaea/python/dionaea/sip/__init__.py:45-warning: Cleanup
[03022023 06:17:10] sip /opt/dionaea/lib/dionaea/python/dionaea/sip/__init__.py:45-warning: Cleanup
[03022023 06:18:10] sip /opt/dionaea/lib/dionaea/python/dionaea/sip/__init__.py:45-warning: Cleanup
[03022023 06:19:10] sip /opt/dionaea/lib/dionaea/python/dionaea/sip/__init__.py:45-warning: Cleanup
[03022023 06:20:10] sip /opt/dionaea/lib/dionaea/python/dionaea/sip/__init__.py:45-warning: Cleanup
[03022023 06:21:10] sip /opt/dionaea/lib/dionaea/python/dionaea/sip/__init__.py:45-warning: Cleanup
[03022023 06:22:10] sip /opt/dionaea/lib/dionaea/python/dionaea/sip/__init__.py:45-warning: Cleanup
[03022023 06:23:10] sip /opt/dionaea/lib/dionaea/python/dionaea/sip/__init__.py:45-warning: Cleanup
[03022023 06:24:10] sip /opt/dionaea/lib/dionaea/python/dionaea/sip/__init__.py:45-warning: Cleanup
[03022023 06:25:10] sip /opt/dionaea/lib/dionaea/python/dionaea/sip/__init__.py:45-warning: Cleanup
[03022023 06:26:10] sip /opt/dionaea/lib/dionaea/python/dionaea/sip/__init__.py:45-warning: Cleanup
[03022023 06:27:10] sip /opt/dionaea/lib/dionaea/python/dionaea/sip/__init__.py:45-warning: Cleanup
[03022023 06:28:10] sip /opt/dionaea/lib/dionaea/python/dionaea/sip/__init__.py:45-warning: Cleanup
[03022023 06:29:10] sip /opt/dionaea/lib/dionaea/python/dionaea/sip/__init__.py:45-warning: Cleanup
[03022023 06:30:10] sip /opt/dionaea/lib/dionaea/python/dionaea/sip/__init__.py:45-warning: Cleanup
[03022023 06:31:10] sip /opt/dionaea/lib/dionaea/python/dionaea/sip/__init__.py:45-warning: Cleanup
[03022023 06:31:40] log /root/dionaea/src/signals.c:30-warning: sigint_cb loop 0xffff8c7ce6a8 w 0xaaaacfa5eae0 revents 1024
[04022023 00:12:13] sip /opt/dionaea/lib/dionaea/python/dionaea/sip/__init__.py:78-warning: Starting cleanup loop
[04022023 00:13:03] log /root/dionaea/src/signals.c:30-warning: sigint_cb loop 0xffffbd82e6a8 w 0xaaaae69c7ae0 revents 1024
[04022023 00:13:13] sip /opt/dionaea/lib/dionaea/python/dionaea/sip/__init__.py:78-warning: Starting cleanup loop
[04022023 00:13:29] log /root/dionaea/src/signals.c:30-warning: sigint_cb loop 0xffff9d91e6a8 w 0xaaaafb044ae0 revents 1024
